[ 2019-04-10T21:31:41+08:00 ] 127.0.0.1 /Clsg
INFO: [ app_init ] --START--
INFO: Run Behavior\BuildLiteBehavior [ RunTime:0.000009s ]
INFO: [ app_init ] --END-- [ RunTime:0.000325s ]

[ 2019-04-10T21:31:44+08:00 ] 127.0.0.1 /Clsg/Index/forum/?plateId=1
INFO: [ app_init ] --START--
INFO: Run Behavior\BuildLiteBehavior [ RunTime:0.000006s ]
INFO: [ app_init ] --END-- [ RunTime:0.000197s ]

[ 2019-04-10T21:31:46+08:00 ] 127.0.0.1 /Clsg/Index/news?plateId=1&newsId=5
INFO: [ app_init ] --START--
INFO: Run Behavior\BuildLiteBehavior [ RunTime:0.000017s ]
INFO: [ app_init ] --END-- [ RunTime:0.000594s ]

[ 2019-04-10T21:31:54+08:00 ] 127.0.0.1 /Clsg/Index/forum?plateId=1
INFO: [ app_init ] --START--
INFO: Run Behavior\BuildLiteBehavior [ RunTime:0.000007s ]
INFO: [ app_init ] --END-- [ RunTime:0.000191s ]

[ 2019-04-10T21:31:56+08:00 ] 127.0.0.1 /Clsg/Index/news?plateId=1&newsId=1
INFO: [ app_init ] --START--
INFO: Run Behavior\BuildLiteBehavior [ RunTime:0.000007s ]
INFO: [ app_init ] --END-- [ RunTime:0.000190s ]

[ 2019-04-10T21:32:01+08:00 ] 127.0.0.1 /Clsg/Ajax/comment
INFO: [ app_init ] --START--
INFO: Run Behavior\BuildLiteBehavior [ RunTime:0.000015s ]
INFO: [ app_init ] --END-- [ RunTime:0.000256s ]
INFO: [ app_begin ] --START--
INFO: Run Behavior\ReadHtmlCacheBehavior [ RunTime:0.000227s ]
INFO: [ app_begin ] --END-- [ RunTime:0.000245s ]
SQL: SHOW COLUMNS FROM `comment` [ RunTime:0.0047s ]
SQL: SELECT u.user_name,u.user_id,u.user_grade,comment.comment_id,comment.comment_time,ci.commentInfo_text AS cit FROM `comment` 
			INNER JOIN commentinfo AS ci ON ci.comment_id = comment.comment_id
		 
			INNER JOIN user AS u ON u.user_id = comment.user_id
		  WHERE comment.news_id = '1' ORDER BY 
			comment.comment_id DESC
		 LIMIT 10,10   [ RunTime:0.0049s ]
SQL: SELECT * FROM `comment` WHERE `news_id` = 1  [ RunTime:0.0003s ]

[ 2019-04-10T21:32:02+08:00 ] 127.0.0.1 /Clsg/Ajax/comment
INFO: [ app_init ] --START--
INFO: Run Behavior\BuildLiteBehavior [ RunTime:0.000006s ]
INFO: [ app_init ] --END-- [ RunTime:0.000184s ]
INFO: [ app_begin ] --START--
INFO: Run Behavior\ReadHtmlCacheBehavior [ RunTime:0.000240s ]
INFO: [ app_begin ] --END-- [ RunTime:0.000268s ]
SQL: SHOW COLUMNS FROM `comment` [ RunTime:0.0050s ]
SQL: SELECT u.user_name,u.user_id,u.user_grade,comment.comment_id,comment.comment_time,ci.commentInfo_text AS cit FROM `comment` 
			INNER JOIN commentinfo AS ci ON ci.comment_id = comment.comment_id
		 
			INNER JOIN user AS u ON u.user_id = comment.user_id
		  WHERE comment.news_id = '1' ORDER BY 
			comment.comment_id DESC
		 LIMIT 0,10   [ RunTime:0.0125s ]
SQL: SELECT * FROM `comment` WHERE `news_id` = 1  [ RunTime:0.0002s ]

[ 2019-04-10T21:32:11+08:00 ] 127.0.0.1 /Clsg/Index/forum?plateId=1
INFO: [ app_init ] --START--
INFO: Run Behavior\BuildLiteBehavior [ RunTime:0.000006s ]
INFO: [ app_init ] --END-- [ RunTime:0.000210s ]

[ 2019-04-10T21:32:13+08:00 ] 127.0.0.1 /Clsg/Index/news?plateId=1&newsId=2
INFO: [ app_init ] --START--
INFO: Run Behavior\BuildLiteBehavior [ RunTime:0.000011s ]
INFO: [ app_init ] --END-- [ RunTime:0.000271s ]

[ 2019-04-10T21:32:26+08:00 ] 127.0.0.1 /Clsg/Index/forum?plateId=1
INFO: [ app_init ] --START--
INFO: Run Behavior\BuildLiteBehavior [ RunTime:0.000009s ]
INFO: [ app_init ] --END-- [ RunTime:0.000248s ]

[ 2019-04-10T21:32:30+08:00 ] 127.0.0.1 /Clsg/Index/news?plateId=1&newsId=5
INFO: [ app_init ] --START--
INFO: Run Behavior\BuildLiteBehavior [ RunTime:0.000006s ]
INFO: [ app_init ] --END-- [ RunTime:0.000201s ]

[ 2019-04-10T21:32:33+08:00 ] 127.0.0.1 /Clsg/Index/news?plateId=1&newsId=3
INFO: [ app_init ] --START--
INFO: Run Behavior\BuildLiteBehavior [ RunTime:0.000007s ]
INFO: [ app_init ] --END-- [ RunTime:0.000186s ]

[ 2019-04-10T21:32:41+08:00 ] 127.0.0.1 /Clsg/Index/forum?plateId=1&page=2
INFO: [ app_init ] --START--
INFO: Run Behavior\BuildLiteBehavior [ RunTime:0.000007s ]
INFO: [ app_init ] --END-- [ RunTime:0.000240s ]

[ 2019-04-10T21:32:52+08:00 ] 127.0.0.1 /Clsg/Index/
INFO: [ app_init ] --START--
INFO: Run Behavior\BuildLiteBehavior [ RunTime:0.000007s ]
INFO: [ app_init ] --END-- [ RunTime:0.000231s ]

[ 2019-04-10T21:32:54+08:00 ] 127.0.0.1 /Clsg/Index/forum/?plateId=1
INFO: [ app_init ] --START--
INFO: Run Behavior\BuildLiteBehavior [ RunTime:0.000009s ]
INFO: [ app_init ] --END-- [ RunTime:0.000293s ]

[ 2019-04-10T21:32:56+08:00 ] 127.0.0.1 /Clsg/Index/news?plateId=1&newsId=5
INFO: [ app_init ] --START--
INFO: Run Behavior\BuildLiteBehavior [ RunTime:0.000007s ]
INFO: [ app_init ] --END-- [ RunTime:0.000195s ]

[ 2019-04-10T21:32:57+08:00 ] 127.0.0.1 /Clsg/Index/forum?plateId=1
INFO: [ app_init ] --START--
INFO: Run Behavior\BuildLiteBehavior [ RunTime:0.000007s ]
INFO: [ app_init ] --END-- [ RunTime:0.000209s ]

[ 2019-04-10T21:33:00+08:00 ] 127.0.0.1 /Clsg/Index/news?plateId=1&newsId=3
INFO: [ app_init ] --START--
INFO: Run Behavior\BuildLiteBehavior [ RunTime:0.000006s ]
INFO: [ app_init ] --END-- [ RunTime:0.000215s ]

[ 2019-04-10T21:33:02+08:00 ] 127.0.0.1 /Clsg/Index/forum?plateId=1
INFO: [ app_init ] --START--
INFO: Run Behavior\BuildLiteBehavior [ RunTime:0.000007s ]
INFO: [ app_init ] --END-- [ RunTime:0.000217s ]

[ 2019-04-10T21:33:04+08:00 ] 127.0.0.1 /Clsg/Index/news?plateId=1&newsId=5
INFO: [ app_init ] --START--
INFO: Run Behavior\BuildLiteBehavior [ RunTime:0.000006s ]
INFO: [ app_init ] --END-- [ RunTime:0.000187s ]

[ 2019-04-10T21:33:17+08:00 ] 127.0.0.1 /Clsg/Index/forum?plateId=1
INFO: [ app_init ] --START--
INFO: Run Behavior\BuildLiteBehavior [ RunTime:0.000007s ]
INFO: [ app_init ] --END-- [ RunTime:0.000189s ]

[ 2019-04-10T21:33:20+08:00 ] 127.0.0.1 /Clsg/Index/news?plateId=1&newsId=3
INFO: [ app_init ] --START--
INFO: Run Behavior\BuildLiteBehavior [ RunTime:0.000006s ]
INFO: [ app_init ] --END-- [ RunTime:0.000217s ]

[ 2019-04-10T21:33:23+08:00 ] 127.0.0.1 /Clsg/Index/forum?plateId=1
INFO: [ app_init ] --START--
INFO: Run Behavior\BuildLiteBehavior [ RunTime:0.000006s ]
INFO: [ app_init ] --END-- [ RunTime:0.000187s ]

[ 2019-04-10T21:33:25+08:00 ] 127.0.0.1 /Clsg/Index/news?plateId=1&newsId=1
INFO: [ app_init ] --START--
INFO: Run Behavior\BuildLiteBehavior [ RunTime:0.000006s ]
INFO: [ app_init ] --END-- [ RunTime:0.000188s ]

[ 2019-04-10T21:38:41+08:00 ] 127.0.0.1 /clsg
INFO: [ app_init ] --START--
INFO: Run Behavior\BuildLiteBehavior [ RunTime:0.000008s ]
INFO: [ app_init ] --END-- [ RunTime:0.000213s ]

[ 2019-04-10T21:39:09+08:00 ] 127.0.0.1 /Clsg/Index/forum/?plateId=1
INFO: [ app_init ] --START--
INFO: Run Behavior\BuildLiteBehavior [ RunTime:0.000007s ]
INFO: [ app_init ] --END-- [ RunTime:0.000193s ]

[ 2019-04-10T21:41:00+08:00 ] 127.0.0.1 /Clsg/Index/forum/?plateId=1
INFO: [ app_init ] --START--
INFO: Run Behavior\BuildLiteBehavior [ RunTime:0.000027s ]
INFO: [ app_init ] --END-- [ RunTime:0.000399s ]

[ 2019-04-10T21:41:02+08:00 ] 127.0.0.1 /Clsg/Index/news?plateId=1&newsId=5
INFO: [ app_init ] --START--
INFO: Run Behavior\BuildLiteBehavior [ RunTime:0.000006s ]
INFO: [ app_init ] --END-- [ RunTime:0.000188s ]

[ 2019-04-10T21:41:44+08:00 ] 127.0.0.1 /Clsg/Index/forum?plateId=1
INFO: [ app_init ] --START--
INFO: Run Behavior\BuildLiteBehavior [ RunTime:0.000006s ]
INFO: [ app_init ] --END-- [ RunTime:0.000191s ]

[ 2019-04-10T21:41:46+08:00 ] 127.0.0.1 /Clsg/Index/news?plateId=1&newsId=5
INFO: [ app_init ] --START--
INFO: Run Behavior\BuildLiteBehavior [ RunTime:0.000007s ]
INFO: [ app_init ] --END-- [ RunTime:0.000189s ]

[ 2019-04-10T21:41:48+08:00 ] 127.0.0.1 /Clsg/Index/forum?plateId=1
INFO: [ app_init ] --START--
INFO: Run Behavior\BuildLiteBehavior [ RunTime:0.000007s ]
INFO: [ app_init ] --END-- [ RunTime:0.000190s ]

[ 2019-04-10T21:41:49+08:00 ] 127.0.0.1 /Clsg/Index/news?plateId=1&newsId=3
INFO: [ app_init ] --START--
INFO: Run Behavior\BuildLiteBehavior [ RunTime:0.000007s ]
INFO: [ app_init ] --END-- [ RunTime:0.000216s ]

[ 2019-04-10T21:47:09+08:00 ] 127.0.0.1 /Clsg/Index/news?plateId=1&newsId=3
INFO: [ app_init ] --START--
INFO: Run Behavior\BuildLiteBehavior [ RunTime:0.000007s ]
INFO: [ app_init ] --END-- [ RunTime:0.000216s ]

[ 2019-04-10T21:47:12+08:00 ] 127.0.0.1 /Clsg/Index/
INFO: [ app_init ] --START--
INFO: Run Behavior\BuildLiteBehavior [ RunTime:0.000006s ]
INFO: [ app_init ] --END-- [ RunTime:0.000207s ]

[ 2019-04-10T21:47:14+08:00 ] 127.0.0.1 /Clsg/Index/forum/?plateId=1
INFO: [ app_init ] --START--
INFO: Run Behavior\BuildLiteBehavior [ RunTime:0.000016s ]
INFO: [ app_init ] --END-- [ RunTime:0.000216s ]

[ 2019-04-10T21:47:16+08:00 ] 127.0.0.1 /Clsg/Index/news?plateId=1&newsId=5
INFO: [ app_init ] --START--
INFO: Run Behavior\BuildLiteBehavior [ RunTime:0.000010s ]
INFO: [ app_init ] --END-- [ RunTime:0.000258s ]

[ 2019-04-10T21:47:18+08:00 ] 127.0.0.1 /Clsg/Index/news?plateId=1&newsId=3
INFO: [ app_init ] --START--
INFO: Run Behavior\BuildLiteBehavior [ RunTime:0.000016s ]
INFO: [ app_init ] --END-- [ RunTime:0.000213s ]

[ 2019-04-10T21:47:20+08:00 ] 127.0.0.1 /Clsg/Index/news?plateId=1&newsId=1
INFO: [ app_init ] --START--
INFO: Run Behavior\BuildLiteBehavior [ RunTime:0.000006s ]
INFO: [ app_init ] --END-- [ RunTime:0.000217s ]

[ 2019-04-10T21:47:28+08:00 ] 127.0.0.1 /Clsg/Index/news?plateId=1&newsId=2
INFO: [ app_init ] --START--
INFO: Run Behavior\BuildLiteBehavior [ RunTime:0.000010s ]
INFO: [ app_init ] --END-- [ RunTime:0.000250s ]

[ 2019-04-10T21:47:31+08:00 ] 127.0.0.1 /Clsg/Index/news?plateId=1&newsId=5
INFO: [ app_init ] --START--
INFO: Run Behavior\BuildLiteBehavior [ RunTime:0.000007s ]
INFO: [ app_init ] --END-- [ RunTime:0.000193s ]

[ 2019-04-10T21:48:28+08:00 ] 127.0.0.1 /Clsg/Index/news?plateId=1&newsId=5
INFO: [ app_init ] --START--
INFO: Run Behavior\BuildLiteBehavior [ RunTime:0.000010s ]
INFO: [ app_init ] --END-- [ RunTime:0.000300s ]

[ 2019-04-10T21:49:49+08:00 ] 127.0.0.1 /Clsg/Index/forum/?plateId=1
INFO: [ app_init ] --START--
INFO: Run Behavior\BuildLiteBehavior [ RunTime:0.000007s ]
INFO: [ app_init ] --END-- [ RunTime:0.000222s ]

[ 2019-04-10T21:49:51+08:00 ] 127.0.0.1 /Clsg/Index/news?plateId=1&newsId=5
INFO: [ app_init ] --START--
INFO: Run Behavior\BuildLiteBehavior [ RunTime:0.000007s ]
INFO: [ app_init ] --END-- [ RunTime:0.000188s ]

[ 2019-04-10T21:49:53+08:00 ] 127.0.0.1 /Clsg/Index/news?plateId=1&newsId=3
INFO: [ app_init ] --START--
INFO: Run Behavior\BuildLiteBehavior [ RunTime:0.000006s ]
INFO: [ app_init ] --END-- [ RunTime:0.000186s ]

[ 2019-04-10T21:49:54+08:00 ] 127.0.0.1 /Clsg/Index/news?plateId=1&newsId=1
INFO: [ app_init ] --START--
INFO: Run Behavior\BuildLiteBehavior [ RunTime:0.000016s ]
INFO: [ app_init ] --END-- [ RunTime:0.000208s ]

[ 2019-04-10T21:50:37+08:00 ] 127.0.0.1 /Clsg/Index/news?plateId=1&newsId=5
INFO: [ app_init ] --START--
INFO: Run Behavior\BuildLiteBehavior [ RunTime:0.000007s ]
INFO: [ app_init ] --END-- [ RunTime:0.000233s ]

[ 2019-04-10T21:50:41+08:00 ] 127.0.0.1 /Clsg/Index/news?plateId=1&newsId=3
INFO: [ app_init ] --START--
INFO: Run Behavior\BuildLiteBehavior [ RunTime:0.000008s ]
INFO: [ app_init ] --END-- [ RunTime:0.000210s ]

[ 2019-04-10T22:21:04+08:00 ] 127.0.0.1 /Clsg/Index/news?plateId=1&newsId=3
INFO: [ app_init ] --START--
INFO: Run Behavior\BuildLiteBehavior [ RunTime:0.000026s ]
INFO: [ app_init ] --END-- [ RunTime:0.001296s ]

[ 2019-04-10T22:21:07+08:00 ] 127.0.0.1 /Clsg/Index/news?plateId=1&newsId=3
INFO: [ app_init ] --START--
INFO: Run Behavior\BuildLiteBehavior [ RunTime:0.000007s ]
INFO: [ app_init ] --END-- [ RunTime:0.000203s ]

[ 2019-04-10T22:21:09+08:00 ] 127.0.0.1 /Clsg/Index/news
INFO: [ app_init ] --START--
INFO: Run Behavior\BuildLiteBehavior [ RunTime:0.000015s ]
INFO: [ app_init ] --END-- [ RunTime:0.000655s ]

[ 2019-04-10T22:21:23+08:00 ] 127.0.0.1 /Clsg/Index/forum?plateId=1
INFO: [ app_init ] --START--
INFO: Run Behavior\BuildLiteBehavior [ RunTime:0.000010s ]
INFO: [ app_init ] --END-- [ RunTime:0.000381s ]

[ 2019-04-10T22:21:25+08:00 ] 127.0.0.1 /Clsg/Index/news?plateId=1&newsId=5
INFO: [ app_init ] --START--
INFO: Run Behavior\BuildLiteBehavior [ RunTime:0.000009s ]
INFO: [ app_init ] --END-- [ RunTime:0.000314s ]

[ 2019-04-10T22:21:28+08:00 ] 127.0.0.1 /Clsg/Index/news?plateId=1&newsId=3
INFO: [ app_init ] --START--
INFO: Run Behavior\BuildLiteBehavior [ RunTime:0.000009s ]
INFO: [ app_init ] --END-- [ RunTime:0.000271s ]

[ 2019-04-10T22:21:35+08:00 ] 127.0.0.1 /Clsg/Index/news
INFO: [ app_init ] --START--
INFO: Run Behavior\BuildLiteBehavior [ RunTime:0.000011s ]
INFO: [ app_init ] --END-- [ RunTime:0.000249s ]

[ 2019-04-10T22:21:36+08:00 ] 127.0.0.1 /Clsg/Index/news
INFO: [ app_init ] --START--
INFO: Run Behavior\BuildLiteBehavior [ RunTime:0.000007s ]
INFO: [ app_init ] --END-- [ RunTime:0.000189s ]

[ 2019-04-10T22:22:03+08:00 ] 127.0.0.1 /Clsg/Index/news?plateId=1&newsId=3
INFO: [ app_init ] --START--
INFO: Run Behavior\BuildLiteBehavior [ RunTime:0.000013s ]
INFO: [ app_init ] --END-- [ RunTime:0.000322s ]

[ 2019-04-10T22:23:24+08:00 ] 127.0.0.1 /Clsg/Index/news?plateId=1&newsId=3
INFO: [ app_init ] --START--
INFO: Run Behavior\BuildLiteBehavior [ RunTime:0.000019s ]
INFO: [ app_init ] --END-- [ RunTime:0.001182s ]
ERR: syntax error, unexpected ')'

[ 2019-04-10T22:23:40+08:00 ] 127.0.0.1 /Clsg/Index/news?plateId=1&newsId=3
INFO: [ app_init ] --START--
INFO: Run Behavior\BuildLiteBehavior [ RunTime:0.000012s ]
INFO: [ app_init ] --END-- [ RunTime:0.000394s ]

[ 2019-04-10T22:23:45+08:00 ] 127.0.0.1 /Clsg/Index/news?plateId=1&newsId=3
INFO: [ app_init ] --START--
INFO: Run Behavior\BuildLiteBehavior [ RunTime:0.000012s ]
INFO: [ app_init ] --END-- [ RunTime:0.000349s ]

[ 2019-04-10T22:23:53+08:00 ] 127.0.0.1 /Clsg/Index/news?plateId=1&newsId=3
INFO: [ app_init ] --START--
INFO: Run Behavior\BuildLiteBehavior [ RunTime:0.000010s ]
INFO: [ app_init ] --END-- [ RunTime:0.000313s ]

[ 2019-04-10T22:23:57+08:00 ] 127.0.0.1 /Clsg/Index/news?plateId=1&newsId=3
INFO: [ app_init ] --START--
INFO: Run Behavior\BuildLiteBehavior [ RunTime:0.000008s ]
INFO: [ app_init ] --END-- [ RunTime:0.000222s ]

[ 2019-04-10T22:24:01+08:00 ] 127.0.0.1 /Clsg/Index/news?plateId=1&newsId=3
INFO: [ app_init ] --START--
INFO: Run Behavior\BuildLiteBehavior [ RunTime:0.000007s ]
INFO: [ app_init ] --END-- [ RunTime:0.000202s ]

[ 2019-04-10T22:24:06+08:00 ] 127.0.0.1 /Clsg/Index/news?plateId=1&newsId=3
INFO: [ app_init ] --START--
INFO: Run Behavior\BuildLiteBehavior [ RunTime:0.000010s ]
INFO: [ app_init ] --END-- [ RunTime:0.000299s ]

[ 2019-04-10T22:24:09+08:00 ] 127.0.0.1 /Clsg/Index/news?plateId=1&newsId=3
INFO: [ app_init ] --START--
INFO: Run Behavior\BuildLiteBehavior [ RunTime:0.000132s ]
INFO: [ app_init ] --END-- [ RunTime:0.000454s ]

[ 2019-04-10T22:25:13+08:00 ] 127.0.0.1 /Clsg/Index/news?plateId=1&newsId=3
INFO: [ app_init ] --START--
INFO: Run Behavior\BuildLiteBehavior [ RunTime:0.000013s ]
INFO: [ app_init ] --END-- [ RunTime:0.000290s ]

[ 2019-04-10T22:25:16+08:00 ] 127.0.0.1 /Clsg/Index/forum?plateId=1
INFO: [ app_init ] --START--
INFO: Run Behavior\BuildLiteBehavior [ RunTime:0.000009s ]
INFO: [ app_init ] --END-- [ RunTime:0.000275s ]

[ 2019-04-10T22:25:18+08:00 ] 127.0.0.1 /Clsg/Index/news?plateId=1&newsId=5
INFO: [ app_init ] --START--
INFO: Run Behavior\BuildLiteBehavior [ RunTime:0.000010s ]
INFO: [ app_init ] --END-- [ RunTime:0.000300s ]

[ 2019-04-10T22:25:19+08:00 ] 127.0.0.1 /Clsg/Index/news?plateId=1&newsId=5
INFO: [ app_init ] --START--
INFO: Run Behavior\BuildLiteBehavior [ RunTime:0.000012s ]
INFO: [ app_init ] --END-- [ RunTime:0.000471s ]

[ 2019-04-10T22:25:21+08:00 ] 127.0.0.1 /Clsg/Index/forum?plateId=1
INFO: [ app_init ] --START--
INFO: Run Behavior\BuildLiteBehavior [ RunTime:0.000010s ]
INFO: [ app_init ] --END-- [ RunTime:0.000323s ]

[ 2019-04-10T22:25:22+08:00 ] 127.0.0.1 /Clsg/Index/news?plateId=1&newsId=3
INFO: [ app_init ] --START--
INFO: Run Behavior\BuildLiteBehavior [ RunTime:0.000011s ]
INFO: [ app_init ] --END-- [ RunTime:0.000346s ]

[ 2019-04-10T22:25:24+08:00 ] 127.0.0.1 /Clsg/Index/news?plateId=1&newsId=3
INFO: [ app_init ] --START--
INFO: Run Behavior\BuildLiteBehavior [ RunTime:0.000009s ]
INFO: [ app_init ] --END-- [ RunTime:0.000292s ]

[ 2019-04-10T22:27:40+08:00 ] 127.0.0.1 /Clsg/Index/forum?plateId=1
INFO: [ app_init ] --START--
INFO: Run Behavior\BuildLiteBehavior [ RunTime:0.000013s ]
INFO: [ app_init ] --END-- [ RunTime:0.000530s ]

[ 2019-04-10T22:27:43+08:00 ] 127.0.0.1 /Clsg/Index/news?plateId=1&newsId=5
INFO: [ app_init ] --START--
INFO: Run Behavior\BuildLiteBehavior [ RunTime:0.000012s ]
INFO: [ app_init ] --END-- [ RunTime:0.000395s ]

[ 2019-04-10T22:28:21+08:00 ] 127.0.0.1 /Clsg/Index/news?plateId=1&newsId=5
INFO: [ app_init ] --START--
INFO: Run Behavior\BuildLiteBehavior [ RunTime:0.000011s ]
INFO: [ app_init ] --END-- [ RunTime:0.000343s ]

[ 2019-04-10T22:28:25+08:00 ] 127.0.0.1 /Clsg/Index/forum?plateId=1
INFO: [ app_init ] --START--
INFO: Run Behavior\BuildLiteBehavior [ RunTime:0.000010s ]
INFO: [ app_init ] --END-- [ RunTime:0.000315s ]

[ 2019-04-10T22:28:27+08:00 ] 127.0.0.1 /Clsg/Index/news?plateId=1&newsId=1
INFO: [ app_init ] --START--
INFO: Run Behavior\BuildLiteBehavior [ RunTime:0.000019s ]
INFO: [ app_init ] --END-- [ RunTime:0.000673s ]

[ 2019-04-10T22:28:29+08:00 ] 127.0.0.1 /Clsg/Index/news?plateId=1&newsId=1
INFO: [ app_init ] --START--
INFO: Run Behavior\BuildLiteBehavior [ RunTime:0.000011s ]
INFO: [ app_init ] --END-- [ RunTime:0.000508s ]

[ 2019-04-10T22:28:30+08:00 ] 127.0.0.1 /Clsg/Index/news?plateId=1&newsId=1
INFO: [ app_init ] --START--
INFO: Run Behavior\BuildLiteBehavior [ RunTime:0.000015s ]
INFO: [ app_init ] --END-- [ RunTime:0.000394s ]

[ 2019-04-10T22:29:07+08:00 ] 127.0.0.1 /Clsg/Index/news?plateId=1&newsId=1
INFO: [ app_init ] --START--
INFO: Run Behavior\BuildLiteBehavior [ RunTime:0.000021s ]
INFO: [ app_init ] --END-- [ RunTime:0.001253s ]

[ 2019-04-10T22:29:23+08:00 ] 127.0.0.1 /Clsg/Index/news?plateId=1&newsId=1
INFO: [ app_init ] --START--
INFO: Run Behavior\BuildLiteBehavior [ RunTime:0.000011s ]
INFO: [ app_init ] --END-- [ RunTime:0.000384s ]

[ 2019-04-10T22:29:28+08:00 ] 127.0.0.1 /Clsg/Index/news?plateId=1&newsId=1
INFO: [ app_init ] --START--
INFO: Run Behavior\BuildLiteBehavior [ RunTime:0.000013s ]
INFO: [ app_init ] --END-- [ RunTime:0.000502s ]

[ 2019-04-10T22:30:31+08:00 ] 127.0.0.1 /Clsg/Index/forum?plateId=1
INFO: [ app_init ] --START--
INFO: Run Behavior\BuildLiteBehavior [ RunTime:0.000010s ]
INFO: [ app_init ] --END-- [ RunTime:0.000313s ]

[ 2019-04-10T22:30:33+08:00 ] 127.0.0.1 /Clsg/Index/news?plateId=1&newsId=1
INFO: [ app_init ] --START--
INFO: Run Behavior\BuildLiteBehavior [ RunTime:0.000011s ]
INFO: [ app_init ] --END-- [ RunTime:0.000390s ]

[ 2019-04-10T22:30:44+08:00 ] 127.0.0.1 /Clsg/Index/news?plateId=1&newsId=5
INFO: [ app_init ] --START--
INFO: Run Behavior\BuildLiteBehavior [ RunTime:0.000013s ]
INFO: [ app_init ] --END-- [ RunTime:0.000455s ]

[ 2019-04-10T22:30:53+08:00 ] 127.0.0.1 /Clsg/Index/news?plateId=1&newsId=5
INFO: [ app_init ] --START--
INFO: Run Behavior\BuildLiteBehavior [ RunTime:0.000011s ]
INFO: [ app_init ] --END-- [ RunTime:0.000363s ]

[ 2019-04-10T22:30:56+08:00 ] 127.0.0.1 /Clsg/Index/news?plateId=1&newsId=3
INFO: [ app_init ] --START--
INFO: Run Behavior\BuildLiteBehavior [ RunTime:0.000009s ]
INFO: [ app_init ] --END-- [ RunTime:0.000352s ]

[ 2019-04-10T22:31:20+08:00 ] 127.0.0.1 /Clsg/Index/forum?plateId=1&page=2
INFO: [ app_init ] --START--
INFO: Run Behavior\BuildLiteBehavior [ RunTime:0.000011s ]
INFO: [ app_init ] --END-- [ RunTime:0.000402s ]

[ 2019-04-10T22:31:22+08:00 ] 127.0.0.1 /Clsg/Index/forum?plateId=1&page=3
INFO: [ app_init ] --START--
INFO: Run Behavior\BuildLiteBehavior [ RunTime:0.000010s ]
INFO: [ app_init ] --END-- [ RunTime:0.000286s ]

[ 2019-04-10T22:31:25+08:00 ] 127.0.0.1 /Clsg/Index/forum?plateId=1&page=4
INFO: [ app_init ] --START--
INFO: Run Behavior\BuildLiteBehavior [ RunTime:0.000017s ]
INFO: [ app_init ] --END-- [ RunTime:0.000475s ]

[ 2019-04-10T22:31:30+08:00 ] 127.0.0.1 /Clsg/Index/
INFO: [ app_init ] --START--
INFO: Run Behavior\BuildLiteBehavior [ RunTime:0.000011s ]
INFO: [ app_init ] --END-- [ RunTime:0.000343s ]

[ 2019-04-10T22:31:32+08:00 ] 127.0.0.1 /Clsg/Index/forum/?plateId=1
INFO: [ app_init ] --START--
INFO: Run Behavior\BuildLiteBehavior [ RunTime:0.000012s ]
INFO: [ app_init ] --END-- [ RunTime:0.000307s ]

[ 2019-04-10T22:31:34+08:00 ] 127.0.0.1 /Clsg/Index/news?plateId=1&newsId=5
INFO: [ app_init ] --START--
INFO: Run Behavior\BuildLiteBehavior [ RunTime:0.000026s ]
INFO: [ app_init ] --END-- [ RunTime:0.000410s ]

[ 2019-04-10T22:32:07+08:00 ] 127.0.0.1 /Clsg/Index/news?plateId=1&newsId=5
INFO: [ app_init ] --START--
INFO: Run Behavior\BuildLiteBehavior [ RunTime:0.000011s ]
INFO: [ app_init ] --END-- [ RunTime:0.000354s ]

[ 2019-04-10T22:32:09+08:00 ] 127.0.0.1 /Clsg/Index/forum?plateId=1
INFO: [ app_init ] --START--
INFO: Run Behavior\BuildLiteBehavior [ RunTime:0.000008s ]
INFO: [ app_init ] --END-- [ RunTime:0.000258s ]

[ 2019-04-10T22:32:12+08:00 ] 127.0.0.1 /Clsg/Index/news?plateId=1&newsId=3
INFO: [ app_init ] --START--
INFO: Run Behavior\BuildLiteBehavior [ RunTime:0.000010s ]
INFO: [ app_init ] --END-- [ RunTime:0.000311s ]

[ 2019-04-10T22:32:16+08:00 ] 127.0.0.1 /Clsg/Index/forum?plateId=1
INFO: [ app_init ] --START--
INFO: Run Behavior\BuildLiteBehavior [ RunTime:0.000012s ]
INFO: [ app_init ] --END-- [ RunTime:0.000393s ]

[ 2019-04-10T22:32:18+08:00 ] 127.0.0.1 /Clsg/Index/news?plateId=1&newsId=3
INFO: [ app_init ] --START--
INFO: Run Behavior\BuildLiteBehavior [ RunTime:0.000010s ]
INFO: [ app_init ] --END-- [ RunTime:0.000300s ]

[ 2019-04-10T22:32:49+08:00 ] 127.0.0.1 /Clsg/Index/news?plateId=1&newsId=3
INFO: [ app_init ] --START--
INFO: Run Behavior\BuildLiteBehavior [ RunTime:0.000012s ]
INFO: [ app_init ] --END-- [ RunTime:0.000376s ]

[ 2019-04-10T22:32:51+08:00 ] 127.0.0.1 /Clsg/Index/forum?plateId=1
INFO: [ app_init ] --START--
INFO: Run Behavior\BuildLiteBehavior [ RunTime:0.000012s ]
INFO: [ app_init ] --END-- [ RunTime:0.000487s ]

[ 2019-04-10T22:32:53+08:00 ] 127.0.0.1 /Clsg/Index/news?plateId=1&newsId=3
INFO: [ app_init ] --START--
INFO: Run Behavior\BuildLiteBehavior [ RunTime:0.000008s ]
INFO: [ app_init ] --END-- [ RunTime:0.000264s ]

[ 2019-04-10T22:32:55+08:00 ] 127.0.0.1 /Clsg/Index/news?plateId=1&newsId=1
INFO: [ app_init ] --START--
INFO: Run Behavior\BuildLiteBehavior [ RunTime:0.000007s ]
INFO: [ app_init ] --END-- [ RunTime:0.000219s ]

[ 2019-04-10T22:33:13+08:00 ] 127.0.0.1 /Clsg/Index/forum?plateId=1
INFO: [ app_init ] --START--
INFO: Run Behavior\BuildLiteBehavior [ RunTime:0.000010s ]
INFO: [ app_init ] --END-- [ RunTime:0.000393s ]

[ 2019-04-10T22:33:14+08:00 ] 127.0.0.1 /Clsg/Index/news?plateId=1&newsId=1
INFO: [ app_init ] --START--
INFO: Run Behavior\BuildLiteBehavior [ RunTime:0.000009s ]
INFO: [ app_init ] --END-- [ RunTime:0.000305s ]

[ 2019-04-10T22:33:17+08:00 ] 127.0.0.1 /Clsg/Index/news?plateId=1&newsId=3
INFO: [ app_init ] --START--
INFO: Run Behavior\BuildLiteBehavior [ RunTime:0.000009s ]
INFO: [ app_init ] --END-- [ RunTime:0.000303s ]

[ 2019-04-10T22:33:19+08:00 ] 127.0.0.1 /Clsg/Index/news?plateId=1&newsId=1
INFO: [ app_init ] --START--
INFO: Run Behavior\BuildLiteBehavior [ RunTime:0.000009s ]
INFO: [ app_init ] --END-- [ RunTime:0.000294s ]

[ 2019-04-10T22:34:08+08:00 ] 127.0.0.1 /Clsg/Index/forum?plateId=1
INFO: [ app_init ] --START--
INFO: Run Behavior\BuildLiteBehavior [ RunTime:0.000012s ]
INFO: [ app_init ] --END-- [ RunTime:0.000418s ]

[ 2019-04-10T22:34:09+08:00 ] 127.0.0.1 /Clsg/Index/news?plateId=1&newsId=1
INFO: [ app_init ] --START--
INFO: Run Behavior\BuildLiteBehavior [ RunTime:0.000015s ]
INFO: [ app_init ] --END-- [ RunTime:0.000554s ]

[ 2019-04-10T22:34:11+08:00 ] 127.0.0.1 /Clsg/Index/news?plateId=1&newsId=3
INFO: [ app_init ] --START--
INFO: Run Behavior\BuildLiteBehavior [ RunTime:0.000014s ]
INFO: [ app_init ] --END-- [ RunTime:0.000413s ]

[ 2019-04-10T22:34:29+08:00 ] 127.0.0.1 /Clsg/Index/news?plateId=1&newsId=3
INFO: [ app_init ] --START--
INFO: Run Behavior\BuildLiteBehavior [ RunTime:0.000016s ]
INFO: [ app_init ] --END-- [ RunTime:0.000381s ]

[ 2019-04-10T22:34:38+08:00 ] 127.0.0.1 /Clsg/Index/news?plateId=1&newsId=3
INFO: [ app_init ] --START--
INFO: Run Behavior\BuildLiteBehavior [ RunTime:0.000011s ]
INFO: [ app_init ] --END-- [ RunTime:0.000375s ]

[ 2019-04-10T22:34:43+08:00 ] 127.0.0.1 /Clsg/Index/forum?plateId=1
INFO: [ app_init ] --START--
INFO: Run Behavior\BuildLiteBehavior [ RunTime:0.000013s ]
INFO: [ app_init ] --END-- [ RunTime:0.000440s ]

[ 2019-04-10T22:34:45+08:00 ] 127.0.0.1 /Clsg/Index/news?plateId=1&newsId=1
INFO: [ app_init ] --START--
INFO: Run Behavior\BuildLiteBehavior [ RunTime:0.000065s ]
INFO: [ app_init ] --END-- [ RunTime:0.000765s ]

[ 2019-04-10T22:34:47+08:00 ] 127.0.0.1 /Clsg/Index/news?plateId=1&newsId=3
INFO: [ app_init ] --START--
INFO: Run Behavior\BuildLiteBehavior [ RunTime:0.000011s ]
INFO: [ app_init ] --END-- [ RunTime:0.000406s ]

[ 2019-04-10T22:34:49+08:00 ] 127.0.0.1 /Clsg/Index/news?plateId=1&newsId=1
INFO: [ app_init ] --START--
INFO: Run Behavior\BuildLiteBehavior [ RunTime:0.000011s ]
INFO: [ app_init ] --END-- [ RunTime:0.000483s ]

[ 2019-04-10T22:34:53+08:00 ] 127.0.0.1 /Clsg/Index/news?plateId=1&newsId=1
INFO: [ app_init ] --START--
INFO: Run Behavior\BuildLiteBehavior [ RunTime:0.000029s ]
INFO: [ app_init ] --END-- [ RunTime:0.000517s ]

[ 2019-04-10T22:35:00+08:00 ] 127.0.0.1 /Clsg/Index/news?plateId=1&newsId=1
INFO: [ app_init ] --START--
INFO: Run Behavior\BuildLiteBehavior [ RunTime:0.000011s ]
INFO: [ app_init ] --END-- [ RunTime:0.000363s ]

[ 2019-04-10T22:35:07+08:00 ] 127.0.0.1 /Clsg/Index/news?plateId=1&newsId=1
INFO: [ app_init ] --START--
INFO: Run Behavior\BuildLiteBehavior [ RunTime:0.000011s ]
INFO: [ app_init ] --END-- [ RunTime:0.000350s ]

[ 2019-04-10T22:35:13+08:00 ] 127.0.0.1 /Clsg/Index/news?plateId=1&newsId=1
INFO: [ app_init ] --START--
INFO: Run Behavior\BuildLiteBehavior [ RunTime:0.000011s ]
INFO: [ app_init ] --END-- [ RunTime:0.000333s ]

[ 2019-04-10T22:35:19+08:00 ] 127.0.0.1 /Clsg/Index/news?plateId=1&newsId=1
INFO: [ app_init ] --START--
INFO: Run Behavior\BuildLiteBehavior [ RunTime:0.000009s ]
INFO: [ app_init ] --END-- [ RunTime:0.000321s ]

[ 2019-04-10T22:35:19+08:00 ] 127.0.0.1 /Clsg/Index/news?plateId=1&newsId=1
INFO: [ app_init ] --START--
INFO: Run Behavior\BuildLiteBehavior [ RunTime:0.000009s ]
INFO: [ app_init ] --END-- [ RunTime:0.000322s ]

[ 2019-04-10T22:35:33+08:00 ] 127.0.0.1 /Clsg/Index/news?plateId=1&newsId=1
INFO: [ app_init ] --START--
INFO: Run Behavior\BuildLiteBehavior [ RunTime:0.000011s ]
INFO: [ app_init ] --END-- [ RunTime:0.000357s ]

[ 2019-04-10T22:36:17+08:00 ] 127.0.0.1 /Clsg/Index/news?plateId=1&newsId=1
INFO: [ app_init ] --START--
INFO: Run Behavior\BuildLiteBehavior [ RunTime:0.000015s ]
INFO: [ app_init ] --END-- [ RunTime:0.000465s ]

[ 2019-04-10T22:38:19+08:00 ] 127.0.0.1 /Clsg/Index/news?plateId=1&newsId=1
INFO: [ app_init ] --START--
INFO: Run Behavior\BuildLiteBehavior [ RunTime:0.000016s ]
INFO: [ app_init ] --END-- [ RunTime:0.000533s ]

[ 2019-04-10T22:38:28+08:00 ] 127.0.0.1 /Clsg/Index/news?plateId=1&newsId=1
INFO: [ app_init ] --START--
INFO: Run Behavior\BuildLiteBehavior [ RunTime:0.000010s ]
INFO: [ app_init ] --END-- [ RunTime:0.000350s ]

[ 2019-04-10T22:38:29+08:00 ] 127.0.0.1 /Clsg/Index/forum?plateId=1
INFO: [ app_init ] --START--
INFO: Run Behavior\BuildLiteBehavior [ RunTime:0.000023s ]
INFO: [ app_init ] --END-- [ RunTime:0.000685s ]

[ 2019-04-10T22:38:32+08:00 ] 127.0.0.1 /Clsg/Index/news?plateId=1&newsId=1
INFO: [ app_init ] --START--
INFO: Run Behavior\BuildLiteBehavior [ RunTime:0.000010s ]
INFO: [ app_init ] --END-- [ RunTime:0.000347s ]

[ 2019-04-10T22:38:53+08:00 ] 127.0.0.1 /Clsg/Index/news?plateId=1&newsId=1
INFO: [ app_init ] --START--
INFO: Run Behavior\BuildLiteBehavior [ RunTime:0.000025s ]
INFO: [ app_init ] --END-- [ RunTime:0.000492s ]

[ 2019-04-10T22:42:20+08:00 ] 127.0.0.1 /Clsg/Index/news?plateId=1&newsId=1
INFO: [ app_init ] --START--
INFO: Run Behavior\BuildLiteBehavior [ RunTime:0.000017s ]
INFO: [ app_init ] --END-- [ RunTime:0.000601s ]

[ 2019-04-10T22:42:45+08:00 ] 127.0.0.1 /Clsg/Index/news?plateId=1&newsId=1
INFO: [ app_init ] --START--
INFO: Run Behavior\BuildLiteBehavior [ RunTime:0.000010s ]
INFO: [ app_init ] --END-- [ RunTime:0.000288s ]

[ 2019-04-10T22:42:59+08:00 ] 127.0.0.1 /Clsg/Index/news?plateId=1&newsId=1
INFO: [ app_init ] --START--
INFO: Run Behavior\BuildLiteBehavior [ RunTime:0.000012s ]
INFO: [ app_init ] --END-- [ RunTime:0.000402s ]

[ 2019-04-10T22:43:06+08:00 ] 127.0.0.1 /Clsg/Index/news?plateId=1&newsId=1
INFO: [ app_init ] --START--
INFO: Run Behavior\BuildLiteBehavior [ RunTime:0.000012s ]
INFO: [ app_init ] --END-- [ RunTime:0.000364s ]

[ 2019-04-10T22:43:21+08:00 ] 127.0.0.1 /Clsg/Index/news?plateId=1&newsId=1
INFO: [ app_init ] --START--
INFO: Run Behavior\BuildLiteBehavior [ RunTime:0.000029s ]
INFO: [ app_init ] --END-- [ RunTime:0.000595s ]

[ 2019-04-10T22:43:27+08:00 ] 127.0.0.1 /Clsg/Index/news?plateId=1&newsId=1
INFO: [ app_init ] --START--
INFO: Run Behavior\BuildLiteBehavior [ RunTime:0.000038s ]
INFO: [ app_init ] --END-- [ RunTime:0.000728s ]

[ 2019-04-10T22:43:34+08:00 ] 127.0.0.1 /Clsg/Index/news?plateId=1&newsId=1
INFO: [ app_init ] --START--
INFO: Run Behavior\BuildLiteBehavior [ RunTime:0.000012s ]
INFO: [ app_init ] --END-- [ RunTime:0.000458s ]

[ 2019-04-10T22:44:01+08:00 ] 127.0.0.1 /Clsg/Index/news?plateId=1&newsId=1
INFO: [ app_init ] --START--
INFO: Run Behavior\BuildLiteBehavior [ RunTime:0.000026s ]
INFO: [ app_init ] --END-- [ RunTime:0.000906s ]

[ 2019-04-10T22:44:02+08:00 ] 127.0.0.1 /Clsg/Index/news?plateId=1&newsId=1
INFO: [ app_init ] --START--
INFO: Run Behavior\BuildLiteBehavior [ RunTime:0.000006s ]
INFO: [ app_init ] --END-- [ RunTime:0.000191s ]

[ 2019-04-10T22:44:02+08:00 ] 127.0.0.1 /Clsg/Index/news?plateId=1&newsId=1
INFO: [ app_init ] --START--
INFO: Run Behavior\BuildLiteBehavior [ RunTime:0.000028s ]
INFO: [ app_init ] --END-- [ RunTime:0.000638s ]

[ 2019-04-10T22:44:18+08:00 ] 127.0.0.1 /Clsg/Index/news?plateId=1&newsId=1
INFO: [ app_init ] --START--
INFO: Run Behavior\BuildLiteBehavior [ RunTime:0.000011s ]
INFO: [ app_init ] --END-- [ RunTime:0.000389s ]

[ 2019-04-10T22:46:21+08:00 ] 127.0.0.1 /Clsg/Index/news?plateId=1&newsId=1
INFO: [ app_init ] --START--
INFO: Run Behavior\BuildLiteBehavior [ RunTime:0.000018s ]
INFO: [ app_init ] --END-- [ RunTime:0.000457s ]

[ 2019-04-10T22:47:06+08:00 ] 127.0.0.1 /Clsg/Index/news?plateId=1&newsId=1
INFO: [ app_init ] --START--
INFO: Run Behavior\BuildLiteBehavior [ RunTime:0.000015s ]
INFO: [ app_init ] --END-- [ RunTime:0.000618s ]

[ 2019-04-10T22:47:24+08:00 ] 127.0.0.1 /Clsg/Index/news?plateId=1&newsId=1
INFO: [ app_init ] --START--
INFO: Run Behavior\BuildLiteBehavior [ RunTime:0.000010s ]
INFO: [ app_init ] --END-- [ RunTime:0.000288s ]

[ 2019-04-10T22:47:28+08:00 ] 127.0.0.1 /Clsg/Index/news?plateId=1&newsId=1
INFO: [ app_init ] --START--
INFO: Run Behavior\BuildLiteBehavior [ RunTime:0.000015s ]
INFO: [ app_init ] --END-- [ RunTime:0.000694s ]

[ 2019-04-10T22:47:28+08:00 ] 127.0.0.1 /Clsg/Index/news?plateId=1&newsId=1
INFO: [ app_init ] --START--
INFO: Run Behavior\BuildLiteBehavior [ RunTime:0.000020s ]
INFO: [ app_init ] --END-- [ RunTime:0.000535s ]

[ 2019-04-10T22:47:33+08:00 ] 127.0.0.1 /Clsg/Index/news?plateId=1&newsId=1
INFO: [ app_init ] --START--
INFO: Run Behavior\BuildLiteBehavior [ RunTime:0.000011s ]
INFO: [ app_init ] --END-- [ RunTime:0.000331s ]

[ 2019-04-10T22:47:40+08:00 ] 127.0.0.1 /Clsg/Index/news?plateId=1&newsId=1
INFO: [ app_init ] --START--
INFO: Run Behavior\BuildLiteBehavior [ RunTime:0.000011s ]
INFO: [ app_init ] --END-- [ RunTime:0.000344s ]

[ 2019-04-10T22:48:05+08:00 ] 127.0.0.1 /Clsg/Index/news?plateId=1&newsId=1
INFO: [ app_init ] --START--
INFO: Run Behavior\BuildLiteBehavior [ RunTime:0.000023s ]
INFO: [ app_init ] --END-- [ RunTime:0.000538s ]

[ 2019-04-10T22:48:14+08:00 ] 127.0.0.1 /Clsg/Index/news?plateId=1&newsId=1
INFO: [ app_init ] --START--
INFO: Run Behavior\BuildLiteBehavior [ RunTime:0.000016s ]
INFO: [ app_init ] --END-- [ RunTime:0.000249s ]

[ 2019-04-10T22:48:53+08:00 ] 127.0.0.1 /Clsg/Index/news?plateId=1&newsId=1
INFO: [ app_init ] --START--
INFO: Run Behavior\BuildLiteBehavior [ RunTime:0.000013s ]
INFO: [ app_init ] --END-- [ RunTime:0.000500s ]

[ 2019-04-10T22:49:01+08:00 ] 127.0.0.1 /Clsg/Index/news?plateId=1&newsId=1
INFO: [ app_init ] --START--
INFO: Run Behavior\BuildLiteBehavior [ RunTime:0.000020s ]
INFO: [ app_init ] --END-- [ RunTime:0.000367s ]

[ 2019-04-10T22:50:50+08:00 ] 127.0.0.1 /Clsg/Index/news?plateId=1&newsId=1
INFO: [ app_init ] --START--
INFO: Run Behavior\BuildLiteBehavior [ RunTime:0.000010s ]
INFO: [ app_init ] --END-- [ RunTime:0.000320s ]

[ 2019-04-10T22:51:37+08:00 ] 127.0.0.1 /Clsg/Index/news?plateId=1&newsId=1
INFO: [ app_init ] --START--
INFO: Run Behavior\BuildLiteBehavior [ RunTime:0.000033s ]
INFO: [ app_init ] --END-- [ RunTime:0.000826s ]

[ 2019-04-10T22:51:52+08:00 ] 127.0.0.1 /Clsg/Index/news?plateId=1&newsId=1
INFO: [ app_init ] --START--
INFO: Run Behavior\BuildLiteBehavior [ RunTime:0.000013s ]
INFO: [ app_init ] --END-- [ RunTime:0.000415s ]

[ 2019-04-10T22:52:05+08:00 ] 127.0.0.1 /Clsg/Index/news?plateId=1&newsId=1
INFO: [ app_init ] --START--
INFO: Run Behavior\BuildLiteBehavior [ RunTime:0.000012s ]
INFO: [ app_init ] --END-- [ RunTime:0.000408s ]

[ 2019-04-10T22:52:10+08:00 ] 127.0.0.1 /Clsg/Index/news?plateId=1&newsId=1
INFO: [ app_init ] --START--
INFO: Run Behavior\BuildLiteBehavior [ RunTime:0.000013s ]
INFO: [ app_init ] --END-- [ RunTime:0.000565s ]

[ 2019-04-10T22:52:18+08:00 ] 127.0.0.1 /Clsg/Index/news?plateId=1&newsId=2
INFO: [ app_init ] --START--
INFO: Run Behavior\BuildLiteBehavior [ RunTime:0.000014s ]
INFO: [ app_init ] --END-- [ RunTime:0.000698s ]

[ 2019-04-10T22:52:42+08:00 ] 127.0.0.1 /Clsg/Index/news?plateId=1&newsId=2
INFO: [ app_init ] --START--
INFO: Run Behavior\BuildLiteBehavior [ RunTime:0.000012s ]
INFO: [ app_init ] --END-- [ RunTime:0.000363s ]

[ 2019-04-10T22:53:50+08:00 ] 127.0.0.1 /Clsg/Index/news?plateId=1&newsId=2
INFO: [ app_init ] --START--
INFO: Run Behavior\BuildLiteBehavior [ RunTime:0.000110s ]
INFO: [ app_init ] --END-- [ RunTime:0.001183s ]

[ 2019-04-10T22:57:13+08:00 ] 127.0.0.1 /Clsg/Index/
INFO: [ app_init ] --START--
INFO: Run Behavior\BuildLiteBehavior [ RunTime:0.000029s ]
INFO: [ app_init ] --END-- [ RunTime:0.000551s ]

[ 2019-04-10T22:57:14+08:00 ] 127.0.0.1 /Clsg/Index/forum/?plateId=1
INFO: [ app_init ] --START--
INFO: Run Behavior\BuildLiteBehavior [ RunTime:0.000011s ]
INFO: [ app_init ] --END-- [ RunTime:0.000387s ]

[ 2019-04-10T22:57:22+08:00 ] 127.0.0.1 /Clsg/Index/news?plateId=1&newsId=5
INFO: [ app_init ] --START--
INFO: Run Behavior\BuildLiteBehavior [ RunTime:0.000010s ]
INFO: [ app_init ] --END-- [ RunTime:0.000341s ]

[ 2019-04-10T22:58:23+08:00 ] 127.0.0.1 /Clsg/Index/news?plateId=1&newsId=5
INFO: [ app_init ] --START--
INFO: Run Behavior\BuildLiteBehavior [ RunTime:0.000012s ]
INFO: [ app_init ] --END-- [ RunTime:0.000463s ]

[ 2019-04-10T22:58:25+08:00 ] 127.0.0.1 /Clsg/Index/forum?plateId=1
INFO: [ app_init ] --START--
INFO: Run Behavior\BuildLiteBehavior [ RunTime:0.000010s ]
INFO: [ app_init ] --END-- [ RunTime:0.000511s ]

[ 2019-04-10T22:58:26+08:00 ] 127.0.0.1 /Clsg/Index/news?plateId=1&newsId=3
INFO: [ app_init ] --START--
INFO: Run Behavior\BuildLiteBehavior [ RunTime:0.000010s ]
INFO: [ app_init ] --END-- [ RunTime:0.000355s ]

[ 2019-04-10T22:58:38+08:00 ] 127.0.0.1 /Clsg/Index/news?plateId=1&newsId=3
INFO: [ app_init ] --START--
INFO: Run Behavior\BuildLiteBehavior [ RunTime:0.000010s ]
INFO: [ app_init ] --END-- [ RunTime:0.000356s ]

[ 2019-04-10T22:58:42+08:00 ] 127.0.0.1 /Clsg/Index/news?plateId=1&newsId=3
INFO: [ app_init ] --START--
INFO: Run Behavior\BuildLiteBehavior [ RunTime:0.000013s ]
INFO: [ app_init ] --END-- [ RunTime:0.000343s ]

[ 2019-04-10T23:00:29+08:00 ] 127.0.0.1 /Clsg/Index/news?plateId=1&newsId=3
INFO: [ app_init ] --START--
INFO: Run Behavior\BuildLiteBehavior [ RunTime:0.000024s ]
INFO: [ app_init ] --END-- [ RunTime:0.000449s ]

[ 2019-04-10T23:02:48+08:00 ] 127.0.0.1 /Clsg/Index/news?plateId=1&newsId=3
INFO: [ app_init ] --START--
INFO: Run Behavior\BuildLiteBehavior [ RunTime:0.000028s ]
INFO: [ app_init ] --END-- [ RunTime:0.000802s ]

[ 2019-04-10T23:03:43+08:00 ] 127.0.0.1 /Clsg/Index/news?plateId=1&newsId=3
INFO: [ app_init ] --START--
INFO: Run Behavior\BuildLiteBehavior [ RunTime:0.000010s ]
INFO: [ app_init ] --END-- [ RunTime:0.000377s ]

[ 2019-04-10T23:03:56+08:00 ] 127.0.0.1 /Clsg/Index/news?plateId=1&newsId=3
INFO: [ app_init ] --START--
INFO: Run Behavior\BuildLiteBehavior [ RunTime:0.000013s ]
INFO: [ app_init ] --END-- [ RunTime:0.000431s ]

[ 2019-04-10T23:04:44+08:00 ] 127.0.0.1 /Clsg/Index/news?plateId=1&newsId=3
INFO: [ app_init ] --START--
INFO: Run Behavior\BuildLiteBehavior [ RunTime:0.000007s ]
INFO: [ app_init ] --END-- [ RunTime:0.000218s ]

[ 2019-04-10T23:14:05+08:00 ] 127.0.0.1 /Clsg/Index/news?plateId=1&newsId=3
INFO: [ app_init ] --START--
INFO: Run Behavior\BuildLiteBehavior [ RunTime:0.000015s ]
INFO: [ app_init ] --END-- [ RunTime:0.000442s ]

[ 2019-04-10T23:14:07+08:00 ] 127.0.0.1 /Clsg/Index/forum?plateId=1
INFO: [ app_init ] --START--
INFO: Run Behavior\BuildLiteBehavior [ RunTime:0.000016s ]
INFO: [ app_init ] --END-- [ RunTime:0.000353s ]

[ 2019-04-10T23:14:09+08:00 ] 127.0.0.1 /Clsg/Index/news?plateId=1&newsId=5
INFO: [ app_init ] --START--
INFO: Run Behavior\BuildLiteBehavior [ RunTime:0.000010s ]
INFO: [ app_init ] --END-- [ RunTime:0.000312s ]

[ 2019-04-10T23:14:11+08:00 ] 127.0.0.1 /Clsg/Index/forum?plateId=1
INFO: [ app_init ] --START--
INFO: Run Behavior\BuildLiteBehavior [ RunTime:0.000016s ]
INFO: [ app_init ] --END-- [ RunTime:0.000606s ]

[ 2019-04-10T23:14:13+08:00 ] 127.0.0.1 /Clsg/Index/news?plateId=1&newsId=3
INFO: [ app_init ] --START--
INFO: Run Behavior\BuildLiteBehavior [ RunTime:0.000012s ]
INFO: [ app_init ] --END-- [ RunTime:0.000305s ]

[ 2019-04-10T23:14:24+08:00 ] 127.0.0.1 /Clsg/Index/forum?plateId=1
INFO: [ app_init ] --START--
INFO: Run Behavior\BuildLiteBehavior [ RunTime:0.000008s ]
INFO: [ app_init ] --END-- [ RunTime:0.000206s ]

[ 2019-04-10T23:14:26+08:00 ] 127.0.0.1 /Clsg/Index/news?plateId=1&newsId=1
INFO: [ app_init ] --START--
INFO: Run Behavior\BuildLiteBehavior [ RunTime:0.000012s ]
INFO: [ app_init ] --END-- [ RunTime:0.000396s ]

[ 2019-04-10T23:16:28+08:00 ] 127.0.0.1 /Clsg/Index/news?plateId=1&newsId=1
INFO: [ app_init ] --START--
INFO: Run Behavior\BuildLiteBehavior [ RunTime:0.000013s ]
INFO: [ app_init ] --END-- [ RunTime:0.000606s ]

[ 2019-04-10T23:16:46+08:00 ] 127.0.0.1 /Clsg/Index/news?plateId=1&newsId=1
INFO: [ app_init ] --START--
INFO: Run Behavior\BuildLiteBehavior [ RunTime:0.000012s ]
INFO: [ app_init ] --END-- [ RunTime:0.000574s ]

[ 2019-04-10T23:20:02+08:00 ] 127.0.0.1 /Clsg/Index/news?plateId=1&newsId=1
INFO: [ app_init ] --START--
INFO: Run Behavior\BuildLiteBehavior [ RunTime:0.000021s ]
INFO: [ app_init ] --END-- [ RunTime:0.001336s ]

[ 2019-04-10T23:20:34+08:00 ] 127.0.0.1 /Clsg/Index/news?plateId=1&newsId=1
INFO: [ app_init ] --START--
INFO: Run Behavior\BuildLiteBehavior [ RunTime:0.000011s ]
INFO: [ app_init ] --END-- [ RunTime:0.000392s ]

[ 2019-04-10T23:21:11+08:00 ] 127.0.0.1 /Clsg/Index/news?plateId=1&newsId=1
INFO: [ app_init ] --START--
INFO: Run Behavior\BuildLiteBehavior [ RunTime:0.000011s ]
INFO: [ app_init ] --END-- [ RunTime:0.000382s ]

[ 2019-04-10T23:21:27+08:00 ] 127.0.0.1 /Clsg/Index/news?plateId=1&newsId=1
INFO: [ app_init ] --START--
INFO: Run Behavior\BuildLiteBehavior [ RunTime:0.000013s ]
INFO: [ app_init ] --END-- [ RunTime:0.000370s ]

[ 2019-04-10T23:21:33+08:00 ] 127.0.0.1 /Clsg/Index/news?plateId=1&newsId=1
INFO: [ app_init ] --START--
INFO: Run Behavior\BuildLiteBehavior [ RunTime:0.000017s ]
INFO: [ app_init ] --END-- [ RunTime:0.000925s ]

[ 2019-04-10T23:21:45+08:00 ] 127.0.0.1 /Clsg/Index/news?plateId=1&newsId=1
INFO: [ app_init ] --START--
INFO: Run Behavior\BuildLiteBehavior [ RunTime:0.000021s ]
INFO: [ app_init ] --END-- [ RunTime:0.000655s ]

[ 2019-04-10T23:22:02+08:00 ] 127.0.0.1 /Clsg/Index/news?plateId=1&newsId=1
INFO: [ app_init ] --START--
INFO: Run Behavior\BuildLiteBehavior [ RunTime:0.000011s ]
INFO: [ app_init ] --END-- [ RunTime:0.000381s ]

[ 2019-04-10T23:22:08+08:00 ] 127.0.0.1 /Clsg/Index/news?plateId=1&newsId=1
INFO: [ app_init ] --START--
INFO: Run Behavior\BuildLiteBehavior [ RunTime:0.000011s ]
INFO: [ app_init ] --END-- [ RunTime:0.000339s ]

[ 2019-04-10T23:22:09+08:00 ] 127.0.0.1 /Clsg/Index/news?plateId=1&newsId=1
INFO: [ app_init ] --START--
INFO: Run Behavior\BuildLiteBehavior [ RunTime:0.000010s ]
INFO: [ app_init ] --END-- [ RunTime:0.000318s ]

[ 2019-04-10T23:22:30+08:00 ] 127.0.0.1 /Clsg/Index/news?plateId=1&newsId=1
INFO: [ app_init ] --START--
INFO: Run Behavior\BuildLiteBehavior [ RunTime:0.000012s ]
INFO: [ app_init ] --END-- [ RunTime:0.000369s ]

[ 2019-04-10T23:22:36+08:00 ] 127.0.0.1 /Clsg/Index/news?plateId=1&newsId=1
INFO: [ app_init ] --START--
INFO: Run Behavior\BuildLiteBehavior [ RunTime:0.000011s ]
INFO: [ app_init ] --END-- [ RunTime:0.000326s ]

[ 2019-04-10T23:22:48+08:00 ] 127.0.0.1 /Clsg/Index/news?plateId=1&newsId=1
INFO: [ app_init ] --START--
INFO: Run Behavior\BuildLiteBehavior [ RunTime:0.000013s ]
INFO: [ app_init ] --END-- [ RunTime:0.000581s ]

[ 2019-04-10T23:23:49+08:00 ] 127.0.0.1 /Clsg/Index/news?plateId=1&newsId=1
INFO: [ app_init ] --START--
INFO: Run Behavior\BuildLiteBehavior [ RunTime:0.000013s ]
INFO: [ app_init ] --END-- [ RunTime:0.000565s ]

[ 2019-04-10T23:24:25+08:00 ] 127.0.0.1 /Clsg/Index/news?plateId=1&newsId=1
INFO: [ app_init ] --START--
INFO: Run Behavior\BuildLiteBehavior [ RunTime:0.000012s ]
INFO: [ app_init ] --END-- [ RunTime:0.000393s ]

[ 2019-04-10T23:24:37+08:00 ] 127.0.0.1 /Clsg/Index/news?plateId=1&newsId=1
INFO: [ app_init ] --START--
INFO: Run Behavior\BuildLiteBehavior [ RunTime:0.000015s ]
INFO: [ app_init ] --END-- [ RunTime:0.000562s ]

[ 2019-04-10T23:26:27+08:00 ] 127.0.0.1 /Clsg/Index/news?plateId=1&newsId=1
INFO: [ app_init ] --START--
INFO: Run Behavior\BuildLiteBehavior [ RunTime:0.000008s ]
INFO: [ app_init ] --END-- [ RunTime:0.000275s ]

[ 2019-04-10T23:27:04+08:00 ] 127.0.0.1 /Clsg/Index/news?plateId=1&newsId=1
INFO: [ app_init ] --START--
INFO: Run Behavior\BuildLiteBehavior [ RunTime:0.000014s ]
INFO: [ app_init ] --END-- [ RunTime:0.000477s ]

[ 2019-04-10T23:27:39+08:00 ] 127.0.0.1 /Clsg/Index/news?plateId=1&newsId=1
INFO: [ app_init ] --START--
INFO: Run Behavior\BuildLiteBehavior [ RunTime:0.000028s ]
INFO: [ app_init ] --END-- [ RunTime:0.002221s ]

[ 2019-04-10T23:28:05+08:00 ] 127.0.0.1 /Clsg/Index/news?plateId=1&newsId=1
INFO: [ app_init ] --START--
INFO: Run Behavior\BuildLiteBehavior [ RunTime:0.000012s ]
INFO: [ app_init ] --END-- [ RunTime:0.000377s ]

[ 2019-04-10T23:28:13+08:00 ] 127.0.0.1 /Clsg/Index/news?plateId=1&newsId=1
INFO: [ app_init ] --START--
INFO: Run Behavior\BuildLiteBehavior [ RunTime:0.000012s ]
INFO: [ app_init ] --END-- [ RunTime:0.000389s ]

[ 2019-04-10T23:28:20+08:00 ] 127.0.0.1 /Clsg/Index/news?plateId=1&newsId=1
INFO: [ app_init ] --START--
INFO: Run Behavior\BuildLiteBehavior [ RunTime:0.000011s ]
INFO: [ app_init ] --END-- [ RunTime:0.000344s ]

[ 2019-04-10T23:28:27+08:00 ] 127.0.0.1 /Clsg/Index/news?plateId=1&newsId=1
INFO: [ app_init ] --START--
INFO: Run Behavior\BuildLiteBehavior [ RunTime:0.000010s ]
INFO: [ app_init ] --END-- [ RunTime:0.000315s ]

[ 2019-04-10T23:28:37+08:00 ] 127.0.0.1 /Clsg/Index/news?plateId=1&newsId=1
INFO: [ app_init ] --START--
INFO: Run Behavior\BuildLiteBehavior [ RunTime:0.000009s ]
INFO: [ app_init ] --END-- [ RunTime:0.000319s ]

[ 2019-04-10T23:29:56+08:00 ] 127.0.0.1 /Clsg/Index/news?plateId=1&newsId=1
INFO: [ app_init ] --START--
INFO: Run Behavior\BuildLiteBehavior [ RunTime:0.000012s ]
INFO: [ app_init ] --END-- [ RunTime:0.000418s ]

[ 2019-04-10T23:30:24+08:00 ] 127.0.0.1 /Clsg/Index/news?plateId=1&newsId=1
INFO: [ app_init ] --START--
INFO: Run Behavior\BuildLiteBehavior [ RunTime:0.000014s ]
INFO: [ app_init ] --END-- [ RunTime:0.000557s ]

[ 2019-04-10T23:31:00+08:00 ] 127.0.0.1 /Clsg/Index/news?plateId=1&newsId=1
INFO: [ app_init ] --START--
INFO: Run Behavior\BuildLiteBehavior [ RunTime:0.000014s ]
INFO: [ app_init ] --END-- [ RunTime:0.000557s ]

[ 2019-04-10T23:31:11+08:00 ] 127.0.0.1 /Clsg/Index/news?plateId=1&newsId=1
INFO: [ app_init ] --START--
INFO: Run Behavior\BuildLiteBehavior [ RunTime:0.000011s ]
INFO: [ app_init ] --END-- [ RunTime:0.000415s ]

[ 2019-04-10T23:31:26+08:00 ] 127.0.0.1 /Clsg/Index/news?plateId=1&newsId=1
INFO: [ app_init ] --START--
INFO: Run Behavior\BuildLiteBehavior [ RunTime:0.000011s ]
INFO: [ app_init ] --END-- [ RunTime:0.000357s ]

[ 2019-04-10T23:32:16+08:00 ] 127.0.0.1 /Clsg/Index/news?plateId=1&newsId=1
INFO: [ app_init ] --START--
INFO: Run Behavior\BuildLiteBehavior [ RunTime:0.000013s ]
INFO: [ app_init ] --END-- [ RunTime:0.000514s ]

[ 2019-04-10T23:32:22+08:00 ] 127.0.0.1 /Clsg/Index/news?plateId=1&newsId=1
INFO: [ app_init ] --START--
INFO: Run Behavior\BuildLiteBehavior [ RunTime:0.000023s ]
INFO: [ app_init ] --END-- [ RunTime:0.000503s ]

[ 2019-04-10T23:34:02+08:00 ] 127.0.0.1 /Clsg/Index/news?plateId=1&newsId=1
INFO: [ app_init ] --START--
INFO: Run Behavior\BuildLiteBehavior [ RunTime:0.000020s ]
INFO: [ app_init ] --END-- [ RunTime:0.001064s ]

[ 2019-04-10T23:34:58+08:00 ] 127.0.0.1 /Clsg/Index/news?plateId=1&newsId=1
INFO: [ app_init ] --START--
INFO: Run Behavior\BuildLiteBehavior [ RunTime:0.000013s ]
INFO: [ app_init ] --END-- [ RunTime:0.000413s ]

[ 2019-04-10T23:37:05+08:00 ] 127.0.0.1 /Clsg/Index/news?plateId=1&newsId=1
INFO: [ app_init ] --START--
INFO: Run Behavior\BuildLiteBehavior [ RunTime:0.000011s ]
INFO: [ app_init ] --END-- [ RunTime:0.000409s ]

[ 2019-04-10T23:41:34+08:00 ] 127.0.0.1 /Clsg/Index/news?plateId=1&newsId=1
INFO: [ app_init ] --START--
INFO: Run Behavior\BuildLiteBehavior [ RunTime:0.000012s ]
INFO: [ app_init ] --END-- [ RunTime:0.000460s ]

[ 2019-04-10T23:41:51+08:00 ] 127.0.0.1 /Clsg/Index/news?plateId=1&newsId=1
INFO: [ app_init ] --START--
INFO: Run Behavior\BuildLiteBehavior [ RunTime:0.000020s ]
INFO: [ app_init ] --END-- [ RunTime:0.001264s ]

[ 2019-04-10T23:42:40+08:00 ] 127.0.0.1 /Clsg/Index/news?plateId=1&newsId=1
INFO: [ app_init ] --START--
INFO: Run Behavior\BuildLiteBehavior [ RunTime:0.000009s ]
INFO: [ app_init ] --END-- [ RunTime:0.000327s ]

[ 2019-04-10T23:42:58+08:00 ] 127.0.0.1 /Clsg/Index/news?plateId=1&newsId=1
INFO: [ app_init ] --START--
INFO: Run Behavior\BuildLiteBehavior [ RunTime:0.000011s ]
INFO: [ app_init ] --END-- [ RunTime:0.000388s ]

[ 2019-04-10T23:43:08+08:00 ] 127.0.0.1 /Clsg/Index/news?plateId=1&newsId=1
INFO: [ app_init ] --START--
INFO: Run Behavior\BuildLiteBehavior [ RunTime:0.000012s ]
INFO: [ app_init ] --END-- [ RunTime:0.000526s ]

[ 2019-04-10T23:43:17+08:00 ] 127.0.0.1 /Clsg/Index/news?plateId=1&newsId=1
INFO: [ app_init ] --START--
INFO: Run Behavior\BuildLiteBehavior [ RunTime:0.000011s ]
INFO: [ app_init ] --END-- [ RunTime:0.000361s ]

[ 2019-04-10T23:44:30+08:00 ] 127.0.0.1 /Clsg/Index/news?plateId=1&newsId=1
INFO: [ app_init ] --START--
INFO: Run Behavior\BuildLiteBehavior [ RunTime:0.000013s ]
INFO: [ app_init ] --END-- [ RunTime:0.000474s ]

[ 2019-04-10T23:45:34+08:00 ] 127.0.0.1 /Clsg/Index/news?plateId=1&newsId=1
INFO: [ app_init ] --START--
INFO: Run Behavior\BuildLiteBehavior [ RunTime:0.000022s ]
INFO: [ app_init ] --END-- [ RunTime:0.000434s ]

[ 2019-04-10T23:45:48+08:00 ] 127.0.0.1 /Clsg/Index/news?plateId=1&newsId=1
INFO: [ app_init ] --START--
INFO: Run Behavior\BuildLiteBehavior [ RunTime:0.000022s ]
INFO: [ app_init ] --END-- [ RunTime:0.001079s ]

[ 2019-04-10T23:46:18+08:00 ] 127.0.0.1 /Clsg/Index/news?plateId=1&newsId=1
INFO: [ app_init ] --START--
INFO: Run Behavior\BuildLiteBehavior [ RunTime:0.000007s ]
INFO: [ app_init ] --END-- [ RunTime:0.000215s ]

[ 2019-04-10T23:47:00+08:00 ] 127.0.0.1 /Clsg/Index/news?plateId=1&newsId=1
INFO: [ app_init ] --START--
INFO: Run Behavior\BuildLiteBehavior [ RunTime:0.000020s ]
INFO: [ app_init ] --END-- [ RunTime:0.000847s ]

[ 2019-04-10T23:54:45+08:00 ] 127.0.0.1 /Clsg/Index/news?plateId=1&newsId=1
INFO: [ app_init ] --START--
INFO: Run Behavior\BuildLiteBehavior [ RunTime:0.000858s ]
INFO: [ app_init ] --END-- [ RunTime:0.002728s ]

[ 2019-04-10T23:55:17+08:00 ] 127.0.0.1 /Clsg/Index/news?plateId=1&newsId=1
INFO: [ app_init ] --START--
INFO: Run Behavior\BuildLiteBehavior [ RunTime:0.000012s ]
INFO: [ app_init ] --END-- [ RunTime:0.000338s ]

[ 2019-04-10T23:55:22+08:00 ] 127.0.0.1 /Clsg/AjaxController/addComment
INFO: [ app_init ] --START--
INFO: Run Behavior\BuildLiteBehavior [ RunTime:0.000012s ]
INFO: [ app_init ] --END-- [ RunTime:0.000389s ]
INFO: [ app_begin ] --START--
INFO: Run Behavior\ReadHtmlCacheBehavior [ RunTime:0.000788s ]
INFO: [ app_begin ] --END-- [ RunTime:0.000850s ]
ERR: 无法加载控制器:AjaxController

[ 2019-04-10T23:56:18+08:00 ] 127.0.0.1 /Clsg/Index/news?plateId=1&newsId=1
INFO: [ app_init ] --START--
INFO: Run Behavior\BuildLiteBehavior [ RunTime:0.000020s ]
INFO: [ app_init ] --END-- [ RunTime:0.000613s ]

[ 2019-04-10T23:56:22+08:00 ] 127.0.0.1 /Clsg/AjaxController/addComment
INFO: [ app_init ] --START--
INFO: Run Behavior\BuildLiteBehavior [ RunTime:0.000011s ]
INFO: [ app_init ] --END-- [ RunTime:0.000409s ]
INFO: [ app_begin ] --START--
INFO: Run Behavior\ReadHtmlCacheBehavior [ RunTime:0.000553s ]
INFO: [ app_begin ] --END-- [ RunTime:0.000609s ]
ERR: 无法加载控制器:AjaxController

[ 2019-04-10T23:57:09+08:00 ] 127.0.0.1 /clsg/AjaxController/addComment
INFO: [ app_init ] --START--
INFO: Run Behavior\BuildLiteBehavior [ RunTime:0.000012s ]
INFO: [ app_init ] --END-- [ RunTime:0.000415s ]
ERR: 无法加载控制器:AjaxController

[ 2019-04-10T23:57:19+08:00 ] 127.0.0.1 /clsg/Ajax/addComment
INFO: [ app_init ] --START--
INFO: Run Behavior\BuildLiteBehavior [ RunTime:0.000013s ]
INFO: [ app_init ] --END-- [ RunTime:0.000391s ]

[ 2019-04-10T23:57:35+08:00 ] 127.0.0.1 /clsg/Ajax/addComment
INFO: [ app_init ] --START--
INFO: Run Behavior\BuildLiteBehavior [ RunTime:0.000010s ]
INFO: [ app_init ] --END-- [ RunTime:0.000332s ]

[ 2019-04-10T23:57:37+08:00 ] 127.0.0.1 /clsg/AjaxController/addComment
INFO: [ app_init ] --START--
INFO: Run Behavior\BuildLiteBehavior [ RunTime:0.000010s ]
INFO: [ app_init ] --END-- [ RunTime:0.000384s ]
ERR: 无法加载控制器:AjaxController

[ 2019-04-10T23:57:51+08:00 ] 127.0.0.1 /Clsg/Index/news?plateId=1&newsId=1
INFO: [ app_init ] --START--
INFO: Run Behavior\BuildLiteBehavior [ RunTime:0.000014s ]
INFO: [ app_init ] --END-- [ RunTime:0.000433s ]

[ 2019-04-10T23:57:55+08:00 ] 127.0.0.1 /Clsg/Ajax/addComment
INFO: [ app_init ] --START--
INFO: Run Behavior\BuildLiteBehavior [ RunTime:0.000010s ]
INFO: [ app_init ] --END-- [ RunTime:0.000355s ]
INFO: [ app_begin ] --START--
INFO: Run Behavior\ReadHtmlCacheBehavior [ RunTime:0.000577s ]
INFO: [ app_begin ] --END-- [ RunTime:0.000627s ]

[ 2019-04-10T23:58:03+08:00 ] 127.0.0.1 /Clsg/Index/news?plateId=1&newsId=1
INFO: [ app_init ] --START--
INFO: Run Behavior\BuildLiteBehavior [ RunTime:0.000011s ]
INFO: [ app_init ] --END-- [ RunTime:0.000527s ]

[ 2019-04-10T23:58:05+08:00 ] 127.0.0.1 /Clsg/Ajax/addComment
INFO: [ app_init ] --START--
INFO: Run Behavior\BuildLiteBehavior [ RunTime:0.000011s ]
INFO: [ app_init ] --END-- [ RunTime:0.000388s ]
INFO: [ app_begin ] --START--
INFO: Run Behavior\ReadHtmlCacheBehavior [ RunTime:0.000561s ]
INFO: [ app_begin ] --END-- [ RunTime:0.000613s ]
NOTIC: [2] Missing argument 1 for I(), called in D:\PhpStormProjeck\1128\test\Application\Clsg\Controller\AjaxController.class.php on line 41 and defined D:\PhpStormProjeck\1128\test\ThinkPHP\Common\functions.php 第 271 行.
NOTIC: [8] Undefined variable: name D:\PhpStormProjeck\1128\test\ThinkPHP\Common\functions.php 第 273 行.
NOTIC: [8] Undefined variable: name D:\PhpStormProjeck\1128\test\ThinkPHP\Common\functions.php 第 278 行.
NOTIC: [8] Undefined variable: name D:\PhpStormProjeck\1128\test\ThinkPHP\Common\functions.php 第 339 行.

[ 2019-04-10T23:58:18+08:00 ] 127.0.0.1 /Clsg/Index/news?plateId=1&newsId=1
INFO: [ app_init ] --START--
INFO: Run Behavior\BuildLiteBehavior [ RunTime:0.000010s ]
INFO: [ app_init ] --END-- [ RunTime:0.000331s ]

[ 2019-04-10T23:58:23+08:00 ] 127.0.0.1 /Clsg/Ajax/addComment
INFO: [ app_init ] --START--
INFO: Run Behavior\BuildLiteBehavior [ RunTime:0.000011s ]
INFO: [ app_init ] --END-- [ RunTime:0.000414s ]
INFO: [ app_begin ] --START--
INFO: Run Behavior\ReadHtmlCacheBehavior [ RunTime:0.000556s ]
INFO: [ app_begin ] --END-- [ RunTime:0.000607s ]
NOTIC: [2] Missing argument 1 for I(), called in D:\PhpStormProjeck\1128\test\Application\Clsg\Controller\AjaxController.class.php on line 41 and defined D:\PhpStormProjeck\1128\test\ThinkPHP\Common\functions.php 第 271 行.
NOTIC: [8] Undefined variable: name D:\PhpStormProjeck\1128\test\ThinkPHP\Common\functions.php 第 273 行.
NOTIC: [8] Undefined variable: name D:\PhpStormProjeck\1128\test\ThinkPHP\Common\functions.php 第 278 行.
NOTIC: [8] Undefined variable: name D:\PhpStormProjeck\1128\test\ThinkPHP\Common\functions.php 第 339 行.

